<?xml version="1.0" encoding="UTF-8"?>
<testsuite name="webTests.seleniumSimples" tests="1" skipped="0" failures="0" errors="0" timestamp="2021-07-15T01:39:07" hostname="nm-Inspiron-5570" time="13.322">
  <properties/>
  <testcase name="consultarCursoMantis" classname="webTests.seleniumSimples" time="13.322"/>
  <system-out><![CDATA[]]></system-out>
  <system-err><![CDATA[Starting ChromeDriver 90.0.4430.24 (4c6d850f087da467d926e8eddb76550aed655991-refs/branch-heads/4430@{#429}) on port 11519
Only local connections are allowed.
Please see https://chromedriver.chromium.org/security-considerations for suggestions on keeping ChromeDriver safe.
ChromeDriver was started successfully.
[1626313147,638][WARNING]: This version of ChromeDriver has not been tested with Chrome version 91.
jul 14, 2021 10:39:07 PM org.openqa.selenium.remote.ProtocolHandshake createSession
INFORMAÇÕES: Detected dialect: W3C
]]></system-err>
</testsuite>
